2019-01-24 07:00:32,658 p=18963 u=vagrant |  [DEPRECATION WARNING]: DEFAULT_SUDO_FLAGS option, In favor of Ansible Become, 
which is a generic framework. See become_flags. , use become instead. This 
feature will be removed in version 2.8. Deprecation warnings can be disabled by
 setting deprecation_warnings=False in ansible.cfg.
2019-01-24 07:00:32,864 p=18963 u=vagrant |  [DEPRECATION WARNING]: profile_tasks callback, does not support setting 
'options', it will work for now,  but this will be required in the future and 
should be updated,  see the 2.4 porting guide for details.. This feature will 
be removed in version 2.9. Deprecation warnings can be disabled by setting 
deprecation_warnings=False in ansible.cfg.
2019-01-24 07:00:32,909 p=18963 u=vagrant |  PLAY [Kitchen Services Install] ************************************************
2019-01-24 07:00:32,929 p=18963 u=vagrant |  TASK [Gathering Facts] *********************************************************
2019-01-24 07:00:33,368 p=18963 u=vagrant |  ok: [default]
2019-01-24 07:00:33,385 p=18963 u=vagrant |  TASK [Add Apt Ansible Repositories] ********************************************
2019-01-24 07:00:39,536 p=18963 u=vagrant |  ok: [default] => (item=ppa:ansible/ansible)
2019-01-24 07:00:39,550 p=18963 u=vagrant |  TASK [Apt update] **************************************************************
2019-01-24 07:00:41,094 p=18963 u=vagrant |  changed: [default]
2019-01-24 07:00:41,109 p=18963 u=vagrant |  TASK [Install or update packages] **********************************************
2019-01-24 07:00:41,122 p=18963 u=vagrant |  [DEPRECATION WARNING]: Invoking "apt" only once while using a loop via 
squash_actions is deprecated. Instead of using a loop to supply multiple items 
and specifying `name: "{{ item }}"`, please use `name: ['software-properties-
common', 'git', 'python-pip', 'ansible', 'asciidoc', 'unzip', 'htop', 'jq', 
'tree', 'vim']` and remove the loop. This feature will be removed in version 
2.11. Deprecation warnings can be disabled by setting 
deprecation_warnings=False in ansible.cfg.
2019-01-24 07:10:53,323 p=18963 u=vagrant |  changed: [default] => (item=[u'software-properties-common', u'git', u'python-pip', u'ansible', u'asciidoc', u'unzip', u'htop', u'jq', u'tree', u'vim'])
2019-01-24 07:10:53,341 p=18963 u=vagrant |  TASK [Install or update pip] ***************************************************
2019-01-24 07:10:53,982 p=18963 u=vagrant |  changed: [default]
2019-01-24 07:10:53,996 p=18963 u=vagrant |  TASK [Install pip services] ****************************************************
2019-01-24 07:10:54,353 p=18963 u=vagrant |  changed: [default] => (item=awscli)
2019-01-24 07:10:54,670 p=18963 u=vagrant |  changed: [default] => (item=boto)
2019-01-24 07:10:54,992 p=18963 u=vagrant |  changed: [default] => (item=netaddr)
2019-01-24 07:10:55,810 p=18963 u=vagrant |  changed: [default] => (item=distami)
2019-01-24 07:10:57,025 p=18963 u=vagrant |  changed: [default] => (item=httpie)
2019-01-24 07:10:57,038 p=18963 u=vagrant |  TASK [Install Packer] **********************************************************
2019-01-24 07:10:58,006 p=18963 u=vagrant |  changed: [default]
2019-01-24 07:10:58,019 p=18963 u=vagrant |  TASK [Create Workfolder] *******************************************************
2019-01-24 07:10:58,199 p=18963 u=vagrant |  ok: [default]
2019-01-24 07:10:58,215 p=18963 u=vagrant |  TASK [Set wrk_folder env] ******************************************************
2019-01-24 07:10:58,395 p=18963 u=vagrant |  changed: [default]
2019-01-24 07:10:58,397 p=18963 u=vagrant |  PLAY RECAP *********************************************************************
2019-01-24 07:10:58,397 p=18963 u=vagrant |  default                    : ok=9    changed=6    unreachable=0    failed=0   
2019-01-24 07:13:42,885 p=18924 u=vagrant |  [DEPRECATION WARNING]: DEFAULT_SUDO_FLAGS option, In favor of Ansible Become, 
which is a generic framework. See become_flags. , use become instead. This 
feature will be removed in version 2.8. Deprecation warnings can be disabled by
 setting deprecation_warnings=False in ansible.cfg.
2019-01-24 07:13:43,045 p=18924 u=vagrant |  [DEPRECATION WARNING]: profile_tasks callback, does not support setting 
'options', it will work for now,  but this will be required in the future and 
should be updated,  see the 2.4 porting guide for details.. This feature will 
be removed in version 2.9. Deprecation warnings can be disabled by setting 
deprecation_warnings=False in ansible.cfg.
2019-01-24 07:13:43,082 p=18924 u=vagrant |  PLAY [Kitchen Services Install] ************************************************
2019-01-24 07:13:43,096 p=18924 u=vagrant |  TASK [Gathering Facts] *********************************************************
2019-01-24 07:13:43,497 p=18924 u=vagrant |  ok: [default]
2019-01-24 07:13:43,512 p=18924 u=vagrant |  TASK [current local user] ******************************************************
2019-01-24 07:13:43,559 p=18924 u=vagrant |  ok: [default]
2019-01-24 07:13:43,573 p=18924 u=vagrant |  TASK [Add Apt Ansible Repositories] ********************************************
2019-01-24 07:13:47,702 p=18924 u=vagrant |  ok: [default] => (item=ppa:ansible/ansible)
2019-01-24 07:13:47,718 p=18924 u=vagrant |  TASK [Upgrade all packages to the latest version] ******************************
2019-01-24 07:13:48,460 p=18924 u=vagrant |  ok: [default]
2019-01-24 07:13:48,474 p=18924 u=vagrant |  TASK [Install or update packages] **********************************************
2019-01-24 07:13:49,038 p=18924 u=vagrant |  ok: [default] => (item=software-properties-common)
2019-01-24 07:13:49,560 p=18924 u=vagrant |  ok: [default] => (item=git)
2019-01-24 07:13:50,086 p=18924 u=vagrant |  ok: [default] => (item=python-pip)
2019-01-24 07:13:50,617 p=18924 u=vagrant |  ok: [default] => (item=ansible)
2019-01-24 07:15:57,180 p=18924 u=vagrant |  changed: [default] => (item=asciidoc)
2019-01-24 07:15:57,768 p=18924 u=vagrant |  ok: [default] => (item=unzip)
2019-01-24 07:15:58,295 p=18924 u=vagrant |  ok: [default] => (item=htop)
2019-01-24 07:16:02,091 p=18924 u=vagrant |  changed: [default] => (item=jq)
2019-01-24 07:16:04,844 p=18924 u=vagrant |  changed: [default] => (item=tree)
2019-01-24 07:16:05,408 p=18924 u=vagrant |  ok: [default] => (item=vim)
2019-01-24 07:16:09,527 p=18924 u=vagrant |  changed: [default] => (item=mosh)
2019-01-24 07:16:09,542 p=18924 u=vagrant |  TASK [Remove useless packages from the cache] **********************************
2019-01-24 07:16:10,107 p=18924 u=vagrant |  ok: [default]
2019-01-24 07:16:10,121 p=18924 u=vagrant |  TASK [Remove dependencies that are no longer required] *************************
2019-01-24 07:16:10,767 p=18924 u=vagrant |  ok: [default]
2019-01-24 07:16:10,783 p=18924 u=vagrant |  TASK [Install or update pip] ***************************************************
2019-01-24 07:16:11,415 p=18924 u=vagrant |  changed: [default]
2019-01-24 07:16:11,429 p=18924 u=vagrant |  TASK [Install pip services] ****************************************************
2019-01-24 07:16:11,798 p=18924 u=vagrant |  changed: [default] => (item=awscli)
2019-01-24 07:16:12,111 p=18924 u=vagrant |  changed: [default] => (item=boto)
2019-01-24 07:16:12,418 p=18924 u=vagrant |  changed: [default] => (item=netaddr)
2019-01-24 07:16:14,062 p=18924 u=vagrant |  changed: [default] => (item=distami)
2019-01-24 07:16:15,329 p=18924 u=vagrant |  changed: [default] => (item=httpie)
2019-01-24 07:16:16,071 p=18924 u=vagrant |  changed: [default] => (item=boto3)
2019-01-24 07:16:16,087 p=18924 u=vagrant |  TASK [Install Packer 1.3.3] ****************************************************
2019-01-24 07:16:17,462 p=18924 u=vagrant |  changed: [default]
2019-01-24 07:16:17,476 p=18924 u=vagrant |  TASK [Install Terraform 0.11.10] ***********************************************
2019-01-24 07:16:18,732 p=18924 u=vagrant |  changed: [default]
2019-01-24 07:16:18,746 p=18924 u=vagrant |  TASK [Create Workfolder] *******************************************************
2019-01-24 07:16:18,938 p=18924 u=vagrant |  ok: [default]
2019-01-24 07:16:18,953 p=18924 u=vagrant |  TASK [Set wrk_folder env] ******************************************************
2019-01-24 07:16:19,137 p=18924 u=vagrant |  changed: [default]
2019-01-24 07:16:19,139 p=18924 u=vagrant |  PLAY RECAP *********************************************************************
2019-01-24 07:16:19,140 p=18924 u=vagrant |  default                    : ok=13   changed=6    unreachable=0    failed=0   
2019-01-24 07:20:19,101 p=18985 u=vagrant |  [DEPRECATION WARNING]: DEFAULT_SUDO_FLAGS option, In favor of Ansible Become, 
which is a generic framework. See become_flags. , use become instead. This 
feature will be removed in version 2.8. Deprecation warnings can be disabled by
 setting deprecation_warnings=False in ansible.cfg.
2019-01-24 07:20:19,264 p=18985 u=vagrant |  [DEPRECATION WARNING]: profile_tasks callback, does not support setting 
'options', it will work for now,  but this will be required in the future and 
should be updated,  see the 2.4 porting guide for details.. This feature will 
be removed in version 2.9. Deprecation warnings can be disabled by setting 
deprecation_warnings=False in ansible.cfg.
2019-01-24 07:20:19,301 p=18985 u=vagrant |  PLAY [Kitchen Services Install] ************************************************
2019-01-24 07:20:19,315 p=18985 u=vagrant |  TASK [Gathering Facts] *********************************************************
2019-01-24 07:20:19,704 p=18985 u=vagrant |  ok: [default]
2019-01-24 07:20:19,719 p=18985 u=vagrant |  TASK [current local user] ******************************************************
2019-01-24 07:20:19,767 p=18985 u=vagrant |  ok: [default]
2019-01-24 07:20:19,781 p=18985 u=vagrant |  TASK [Add Apt Ansible Repositories] ********************************************
2019-01-24 07:20:24,717 p=18985 u=vagrant |  ok: [default] => (item=ppa:ansible/ansible)
2019-01-24 07:20:24,731 p=18985 u=vagrant |  TASK [Upgrade all packages to the latest version] ******************************
2019-01-24 07:20:25,422 p=18985 u=vagrant |  ok: [default]
2019-01-24 07:20:25,435 p=18985 u=vagrant |  TASK [Install or update packages] **********************************************
2019-01-24 07:20:25,965 p=18985 u=vagrant |  ok: [default] => (item=software-properties-common)
2019-01-24 07:20:26,473 p=18985 u=vagrant |  ok: [default] => (item=git)
2019-01-24 07:20:26,970 p=18985 u=vagrant |  ok: [default] => (item=python-pip)
2019-01-24 07:20:27,482 p=18985 u=vagrant |  ok: [default] => (item=ansible)
2019-01-24 07:22:38,321 p=18985 u=vagrant |  changed: [default] => (item=asciidoc)
2019-01-24 07:22:38,885 p=18985 u=vagrant |  ok: [default] => (item=unzip)
2019-01-24 07:22:39,402 p=18985 u=vagrant |  ok: [default] => (item=htop)
2019-01-24 07:22:43,133 p=18985 u=vagrant |  changed: [default] => (item=jq)
2019-01-24 07:22:45,806 p=18985 u=vagrant |  changed: [default] => (item=tree)
2019-01-24 07:22:46,339 p=18985 u=vagrant |  ok: [default] => (item=vim)
2019-01-24 07:22:50,279 p=18985 u=vagrant |  changed: [default] => (item=mosh)
2019-01-24 07:22:50,294 p=18985 u=vagrant |  TASK [Remove useless packages from the cache] **********************************
2019-01-24 07:22:50,831 p=18985 u=vagrant |  ok: [default]
2019-01-24 07:22:50,845 p=18985 u=vagrant |  TASK [Remove dependencies that are no longer required] *************************
2019-01-24 07:22:51,447 p=18985 u=vagrant |  ok: [default]
2019-01-24 07:22:51,461 p=18985 u=vagrant |  TASK [Install or update pip] ***************************************************
2019-01-24 07:22:52,121 p=18985 u=vagrant |  changed: [default]
2019-01-24 07:22:52,135 p=18985 u=vagrant |  TASK [Install pip services] ****************************************************
2019-01-24 07:22:52,489 p=18985 u=vagrant |  changed: [default] => (item=awscli)
2019-01-24 07:22:52,805 p=18985 u=vagrant |  changed: [default] => (item=boto)
2019-01-24 07:22:53,115 p=18985 u=vagrant |  changed: [default] => (item=netaddr)
2019-01-24 07:22:53,884 p=18985 u=vagrant |  changed: [default] => (item=distami)
2019-01-24 07:22:55,089 p=18985 u=vagrant |  changed: [default] => (item=httpie)
2019-01-24 07:22:55,746 p=18985 u=vagrant |  changed: [default] => (item=boto3)
2019-01-24 07:22:55,761 p=18985 u=vagrant |  TASK [Install Packer 1.3.3] ****************************************************
2019-01-24 07:22:57,325 p=18985 u=vagrant |  changed: [default]
2019-01-24 07:22:57,339 p=18985 u=vagrant |  TASK [Install Terraform 0.11.10] ***********************************************
2019-01-24 07:22:58,440 p=18985 u=vagrant |  changed: [default]
2019-01-24 07:22:58,453 p=18985 u=vagrant |  TASK [Create Workfolder] *******************************************************
2019-01-24 07:22:58,635 p=18985 u=vagrant |  ok: [default]
2019-01-24 07:22:58,651 p=18985 u=vagrant |  TASK [Set wrk_folder env] ******************************************************
2019-01-24 07:22:58,837 p=18985 u=vagrant |  changed: [default]
2019-01-24 07:22:58,838 p=18985 u=vagrant |  PLAY RECAP *********************************************************************
2019-01-24 07:22:58,839 p=18985 u=vagrant |  default                    : ok=13   changed=6    unreachable=0    failed=0   
2019-01-24 07:45:18,680 p=19164 u=vagrant |  [DEPRECATION WARNING]: DEFAULT_SUDO_FLAGS option, In favor of Ansible Become, 
which is a generic framework. See become_flags. , use become instead. This 
feature will be removed in version 2.8. Deprecation warnings can be disabled by
 setting deprecation_warnings=False in ansible.cfg.
2019-01-24 07:45:18,834 p=19164 u=vagrant |  [DEPRECATION WARNING]: profile_tasks callback, does not support setting 
'options', it will work for now,  but this will be required in the future and 
should be updated,  see the 2.4 porting guide for details.. This feature will 
be removed in version 2.9. Deprecation warnings can be disabled by setting 
deprecation_warnings=False in ansible.cfg.
2019-01-24 07:45:18,872 p=19164 u=vagrant |  PLAY [Kitchen Services Install] ************************************************
2019-01-24 07:45:18,882 p=19164 u=vagrant |  TASK [Gathering Facts] *********************************************************
2019-01-24 07:45:19,266 p=19164 u=vagrant |  ok: [default]
2019-01-24 07:45:19,281 p=19164 u=vagrant |  TASK [current local user] ******************************************************
2019-01-24 07:45:19,323 p=19164 u=vagrant |  ok: [default]
2019-01-24 07:45:19,337 p=19164 u=vagrant |  TASK [Add Apt Ansible Repositories] ********************************************
2019-01-24 07:45:23,295 p=19164 u=vagrant |  ok: [default] => (item=ppa:ansible/ansible)
2019-01-24 07:45:23,308 p=19164 u=vagrant |  TASK [Upgrade all packages to the latest version] ******************************
2019-01-24 07:45:24,012 p=19164 u=vagrant |  ok: [default]
2019-01-24 07:45:24,025 p=19164 u=vagrant |  TASK [Install or update packages] **********************************************
2019-01-24 07:45:24,567 p=19164 u=vagrant |  ok: [default] => (item=software-properties-common)
2019-01-24 07:45:25,079 p=19164 u=vagrant |  ok: [default] => (item=git)
2019-01-24 07:45:25,584 p=19164 u=vagrant |  ok: [default] => (item=python-pip)
2019-01-24 07:45:26,095 p=19164 u=vagrant |  ok: [default] => (item=ansible)
2019-01-24 07:47:30,461 p=19164 u=vagrant |  changed: [default] => (item=asciidoc)
2019-01-24 07:47:31,058 p=19164 u=vagrant |  ok: [default] => (item=unzip)
2019-01-24 07:47:31,632 p=19164 u=vagrant |  ok: [default] => (item=htop)
2019-01-24 07:47:35,501 p=19164 u=vagrant |  changed: [default] => (item=jq)
2019-01-24 07:47:38,223 p=19164 u=vagrant |  changed: [default] => (item=tree)
2019-01-24 07:47:38,761 p=19164 u=vagrant |  ok: [default] => (item=vim)
2019-01-24 07:47:42,852 p=19164 u=vagrant |  changed: [default] => (item=mosh)
2019-01-24 07:47:42,867 p=19164 u=vagrant |  TASK [Remove useless packages from the cache] **********************************
2019-01-24 07:47:43,430 p=19164 u=vagrant |  ok: [default]
2019-01-24 07:47:43,443 p=19164 u=vagrant |  TASK [Remove dependencies that are no longer required] *************************
2019-01-24 07:47:44,102 p=19164 u=vagrant |  ok: [default]
2019-01-24 07:47:44,117 p=19164 u=vagrant |  TASK [Install or update pip] ***************************************************
2019-01-24 07:47:45,561 p=19164 u=vagrant |  changed: [default]
2019-01-24 07:47:45,575 p=19164 u=vagrant |  TASK [Install pip services] ****************************************************
2019-01-24 07:47:45,963 p=19164 u=vagrant |  changed: [default] => (item=awscli)
2019-01-24 07:47:46,293 p=19164 u=vagrant |  changed: [default] => (item=boto)
2019-01-24 07:47:46,635 p=19164 u=vagrant |  changed: [default] => (item=netaddr)
2019-01-24 07:47:47,435 p=19164 u=vagrant |  changed: [default] => (item=distami)
2019-01-24 07:47:48,822 p=19164 u=vagrant |  changed: [default] => (item=httpie)
2019-01-24 07:47:49,562 p=19164 u=vagrant |  changed: [default] => (item=boto3)
2019-01-24 07:47:49,575 p=19164 u=vagrant |  TASK [Install Packer 1.3.3] ****************************************************
2019-01-24 07:47:50,987 p=19164 u=vagrant |  changed: [default]
2019-01-24 07:47:51,000 p=19164 u=vagrant |  TASK [Install Terraform 0.11.10] ***********************************************
2019-01-24 07:47:52,108 p=19164 u=vagrant |  changed: [default]
2019-01-24 07:47:52,121 p=19164 u=vagrant |  TASK [Create Workfolder] *******************************************************
2019-01-24 07:47:52,310 p=19164 u=vagrant |  ok: [default]
2019-01-24 07:47:52,323 p=19164 u=vagrant |  TASK [Set wrk_folder env] ******************************************************
2019-01-24 07:47:52,512 p=19164 u=vagrant |  changed: [default]
2019-01-24 07:47:52,514 p=19164 u=vagrant |  PLAY RECAP *********************************************************************
2019-01-24 07:47:52,515 p=19164 u=vagrant |  default                    : ok=13   changed=6    unreachable=0    failed=0   
2019-01-24 21:04:42,043 p=27486 u=vagrant |  [DEPRECATION WARNING]: DEFAULT_SUDO_FLAGS option, In favor of Ansible Become, which is a generic framework. See become_flags. , use become 
instead. This feature will be removed in version 2.8. Deprecation warnings can be disabled by setting deprecation_warnings=False in 
ansible.cfg.
2019-01-24 21:04:42,076 p=27486 u=vagrant |   [WARNING]: provided hosts list is empty, only localhost is available. Note that the implicit localhost does not match 'all'

2019-01-24 21:04:42,257 p=27486 u=vagrant |  [DEPRECATION WARNING]: profile_tasks callback, does not support setting 'options', it will work for now,  but this will be required in the 
future and should be updated,  see the 2.4 porting guide for details.. This feature will be removed in version 2.9. Deprecation warnings can 
be disabled by setting deprecation_warnings=False in ansible.cfg.
2019-01-24 21:04:42,306 p=27486 u=vagrant |  PLAY [localhost] *****************************************************************************************************************************
2019-01-24 21:04:42,317 p=27486 u=vagrant |  TASK [create-base-ami : Check for Source AMI] ************************************************************************************************
2019-01-24 21:04:42,342 p=27486 u=vagrant |  ok: [localhost]
2019-01-24 21:04:42,351 p=27486 u=vagrant |  TASK [create-base-ami : Create default_base AMI] *********************************************************************************************
2019-01-24 21:04:42,414 boto Using access key found in shared credential file.
2019-01-24 21:04:42,414 boto Using secret key found in shared credential file.
2019-01-24 21:04:42,415 boto Method: GET
2019-01-24 21:04:42,415 boto Path: /
2019-01-24 21:04:42,415 boto Data: 
2019-01-24 21:04:42,415 boto Headers: {}
2019-01-24 21:04:42,415 boto Host: cloudformation.us-east-2.amazonaws.com
2019-01-24 21:04:42,415 boto Port: 443
2019-01-24 21:04:42,415 boto Params: {'Action': 'DescribeStacks', 'Version': '2010-05-15'}
2019-01-24 21:04:42,415 boto establishing HTTPS connection: host=cloudformation.us-east-2.amazonaws.com, kwargs={'port': 443, 'timeout': 70}
2019-01-24 21:04:42,415 boto Token: None
2019-01-24 21:04:42,416 boto CanonicalRequest:
GET
/
Action=DescribeStacks&Version=2010-05-15
host:cloudformation.us-east-2.amazonaws.com
x-amz-date:20190124T210442Z

host;x-amz-date
e3b0c44298fc1c149afbf4c8996fb92427ae41e4649b934ca495991b7852b855
2019-01-24 21:04:42,416 boto StringToSign:
AWS4-HMAC-SHA256
20190124T210442Z
20190124/us-east-2/cloudformation/aws4_request
52cd846299329e4bb42b015da273cdb8ef3dbd6c29bdbfe4a2e1acbe1838a3de
2019-01-24 21:04:42,416 boto Signature:
25e8a546505f55da55983af9bd5a342c0f603b32fec8dfae53b342a524a2f970
2019-01-24 21:04:42,416 boto Final headers: {'Content-Length': '0', 'Host': u'cloudformation.us-east-2.amazonaws.com', 'Authorization': u'AWS4-HMAC-SHA256 Credential=AKIAINQ2HOOXC7QOZSEA/20190124/us-east-2/cloudformation/aws4_request,SignedHeaders=host;x-amz-date,Signature=25e8a546505f55da55983af9bd5a342c0f603b32fec8dfae53b342a524a2f970', 'X-Amz-Date': '20190124T210442Z', 'User-Agent': 'Boto/2.49.0 Python/2.7.15rc1 Linux/4.15.0-43-generic'}
2019-01-24 21:04:42,584 boto wrapping ssl socket; CA certificate file=/usr/local/lib/python2.7/dist-packages/boto/cacerts/cacerts.txt
2019-01-24 21:04:42,735 boto validating server certificate: hostname=cloudformation.us-east-2.amazonaws.com, certificate hosts=['cloudformation.us-east-2.amazonaws.com', '*.cloudformation.us-east-2.vpce.amazonaws.com']
2019-01-24 21:04:42,850 boto Response headers: [('x-amzn-requestid', 'ae124755-201b-11e9-9590-8587630ca78c'), ('vary', 'Accept-Encoding'), ('content-length', '20381'), ('content-type', 'text/xml'), ('date', 'Thu, 24 Jan 2019 21:04:46 GMT')]
2019-01-24 21:04:42,921 boto <DescribeStacksResponse xmlns="http://cloudformation.amazonaws.com/doc/2010-05-15/">
  <DescribeStacksResult>
    <Stacks>
      <member>
        <Outputs>
          <member>
            <Description>VPC Cloudformation Stack Name</Description>
            <ExportName>demo-use2-introute53-8Z07PSPW8HR7-cfsstackname</ExportName>
            <OutputKey>CFSStackName</OutputKey>
            <OutputValue>demo-use2-introute53-8Z07PSPW8HR7</OutputValue>
          </member>
          <member>
            <Description>HostedZoneID for internal Domain</Description>
            <ExportName>demo-use2-introute53-8Z07PSPW8HR7-inthostedzoneid</ExportName>
            <OutputKey>IntHostedZoneID</OutputKey>
            <OutputValue>ZPZ5MHRGHKJ1B</OutputValue>
          </member>
          <member>
            <Description>HostedZoneURL for internal Domain</Description>
            <ExportName>demo-use2-introute53-8Z07PSPW8HR7-inthostedzoneurl</ExportName>
            <OutputKey>IntHostedZoneURL</OutputKey>
            <OutputValue>aws.cjwsolutions.net</OutputValue>
          </member>
        </Outputs>
        <Capabilities>
          <member>CAPABILITY_IAM</member>
        </Capabilities>
        <CreationTime>2019-01-24T20:21:46.067Z</CreationTime>
        <RootId>arn:aws:cloudformation:us-east-2:644414848598:stack/demo-use2/1aaf9f30-2015-11e9-ba81-0a71b7d84638</RootId>
        <NotificationARNs/>
        <StackId>arn:aws:cloudformation:us-east-2:644414848598:stack/demo-use2-introute53-8Z07PSPW8HR7/abca6180-2015-11e9-ac50-06faad620df0</StackId>
        <StackName>demo-use2-introute53-8Z07PSPW8HR7</StackName>
        <Description>CJW AWS Demo Cloudformation Infrastructure. Internal Route53 Domain Cloudformation Version 0.10</Description>
        <StackStatus>CREATE_COMPLETE</StackStatus>
        <DisableRollback>true</DisableRollback>
        <ParentId>arn:aws:cloudformation:us-east-2:644414848598:stack/demo-use2/1aaf9f30-2015-11e9-ba81-0a71b7d84638</ParentId>
        <Tags/>
        <RollbackConfiguration/>
        <TimeoutInMinutes>10</TimeoutInMinutes>
        <DriftInformation>
          <StackDriftStatus>NOT_CHECKED</StackDriftStatus>
        </DriftInformation>
        <Parameters>
          <member>
            <ParameterKey>intdomainname</ParameterKey>
            <ParameterValue>cjwsolutions.net</ParameterValue>
          </member>
          <member>
            <ParameterKey>vpcid</ParameterKey>
            <ParameterValue>vpc-0f4f8d9fbe94fa2f9</ParameterValue>
          </member>
          <member>
            <ParameterKey>costcentertagging</ParameterKey>
            <ParameterValue>demo-it01</ParameterValue>
          </member>
          <member>
            <ParameterKey>theatertagging</ParameterKey>
            <ParameterValue>demo-it01-usw2</ParameterValue>
          </member>
          <member>
            <ParameterKey>regionshortname</ParameterKey>
            <ParameterValue>use2</ParameterValue>
          </member>
        </Parameters>
      </member>
      <member>
        <Outputs>
          <member>
            <Description>VPCId of the Corp VPC</Description>
            <ExportName>demo-use2-vpc-1RGHN7QWOPHNB-vpcid</ExportName>
            <OutputKey>VPCid</OutputKey>
            <OutputValue>vpc-0f4f8d9fbe94fa2f9</OutputValue>
          </member>
          <member>
            <Description>ID of Endpoint used to access this regions S3 bucket.</Description>
            <ExportName>demo-use2-vpc-1RGHN7QWOPHNB-dynamodbendpoint</ExportName>
            <OutputKey>DynamoDBEndpoint</OutputKey>
            <OutputValue>vpce-03fd6fa4c9762a8b9</OutputValue>
          </member>
          <member>
            <Description>VPC Cloudformation Stack Name</Description>
            <ExportName>demo-use2-vpc-1RGHN7QWOPHNB-cfsstackname</ExportName>
            <OutputKey>CFSStackName</OutputKey>
            <OutputValue>demo-use2-vpc-1RGHN7QWOPHNB</OutputValue>
          </member>
          <member>
            <Description>Shortname for the current Region</Description>
            <ExportName>demo-use2-vpc-1RGHN7QWOPHNB-regionshortname</ExportName>
            <OutputKey>RegionShortName</OutputKey>
            <OutputValue>use2</OutputValue>
          </member>
          <member>
            <Description>SubnetId of the Public subnet2 az2</Description>
            <ExportName>demo-use2-vpc-1RGHN7QWOPHNB-pubsubnetid2</ExportName>
            <OutputKey>Pubsubnetid2</OutputKey>
            <OutputValue>subnet-09143c29c244126a7</OutputValue>
          </member>
          <member>
            <Description>SubnetId of the Public subnet1 az1</Description>
            <ExportName>demo-use2-vpc-1RGHN7QWOPHNB-pubsubnetid1</ExportName>
            <OutputKey>Pubsubnetid1</OutputKey>
            <OutputValue>subnet-07d5b778094245712</OutputValue>
          </member>
          <member>
            <Description>CIDR of the Public subnet2 az2</Description>
            <ExportName>demo-use2-vpc-1RGHN7QWOPHNB-pubsubnetid2cidr</ExportName>
            <OutputKey>Pubsubnetid2CIDR</OutputKey>
            <OutputValue>10.20.0.128/25</OutputValue>
          </member>
          <member>
            <Description>ID of Internet Gateway</Description>
            <ExportName>demo-use2-vpc-1RGHN7QWOPHNB-internetgateway</ExportName>
            <OutputKey>InternetGateway</OutputKey>
            <OutputValue>demo-Gatew-N2S28O45GE4I</OutputValue>
          </member>
          <member>
            <Description>Cost Center</Description>
            <ExportName>demo-use2-vpc-1RGHN7QWOPHNB-costcentertagging</ExportName>
            <OutputKey>CostCenterTagging</OutputKey>
            <OutputValue>demo-it01</OutputValue>
          </member>
          <member>
            <Description>CIDR of the Private subnet2 az2</Description>
            <ExportName>demo-use2-vpc-1RGHN7QWOPHNB-privsubnetid2cidr</ExportName>
            <OutputKey>Privsubnetid2CIDR</OutputKey>
            <OutputValue>10.20.1.128/25</OutputValue>
          </member>
          <member>
            <Description>NAT Service for az1</Description>
            <ExportName>demo-use2-vpc-1RGHN7QWOPHNB-nataz1</ExportName>
            <OutputKey>NATAZ1</OutputKey>
            <OutputValue>nat-04a78581c6882f37c</OutputValue>
          </member>
          <member>
            <Description>Default Security Group</Description>
            <ExportName>demo-use2-vpc-1RGHN7QWOPHNB-sgdefault</ExportName>
            <OutputKey>SGDefault</OutputKey>
            <OutputValue>sg-004027d92bc4f04a1</OutputValue>
          </member>
          <member>
            <Description>CIDR of the Private subnet1 az1</Description>
            <ExportName>demo-use2-vpc-1RGHN7QWOPHNB-privsubnetid1cidr</ExportName>
            <OutputKey>Privsubnetid1CIDR</OutputKey>
            <OutputValue>10.20.1.0/25</OutputValue>
          </member>
          <member>
            <Description>ID of Endpoint used to access this regions S3 bucket.</Description>
            <ExportName>demo-use2-vpc-1RGHN7QWOPHNB-s3endpoint</ExportName>
            <OutputKey>S3Endpoint</OutputKey>
            <OutputValue>vpce-03680169f80ec42cc</OutputValue>
          </member>
          <member>
            <Description>Private az2 Route Table</Description>
            <ExportName>demo-use2-vpc-1RGHN7QWOPHNB-privaterouteaz2</ExportName>
            <OutputKey>PrivaterouteAZ2</OutputKey>
            <OutputValue>rtb-097be8703bbda17a0</OutputValue>
          </member>
          <member>
            <Description>Private az1 Route Table</Description>
            <ExportName>demo-use2-vpc-1RGHN7QWOPHNB-privaterouteaz1</ExportName>
            <OutputKey>PrivaterouteAZ1</OutputKey>
            <OutputValue>rtb-00dbbc2320a0e99cb</OutputValue>
          </member>
          <member>
            <Description>CIDR of the Public subnet1 az1</Description>
            <ExportName>demo-use2-vpc-1RGHN7QWOPHNB-pubsubnetid1cidr</ExportName>
            <OutputKey>Pubsubnetid1CIDR</OutputKey>
            <OutputValue>10.20.0.0/25</OutputValue>
          </member>
          <member>
            <Description>Cache Subnet ID</Description>
            <ExportName>demo-use2-vpc-1RGHN7QWOPHNB-cachesubnet</ExportName>
            <OutputKey>CacheSubnet</OutputKey>
            <OutputValue>demo-cache-b5l8jo1p40ft</OutputValue>
          </member>
          <member>
            <Description>SubnetId of the Private subnet2 az2</Description>
            <ExportName>demo-use2-vpc-1RGHN7QWOPHNB-privsubnetid2</ExportName>
            <OutputKey>Privsubnetid2</OutputKey>
            <OutputValue>subnet-0bc04ca764824bcea</OutputValue>
          </member>
          <member>
            <Description>Default Route Table</Description>
            <ExportName>demo-use2-vpc-1RGHN7QWOPHNB-publicroute</ExportName>
            <OutputKey>Publicroute</OutputKey>
            <OutputValue>rtb-0d4c8dce4ed14d8fe</OutputValue>
          </member>
          <member>
            <Description>SubnetId of the Private subnet1 az1</Description>
            <ExportName>demo-use2-vpc-1RGHN7QWOPHNB-privsubnetid1</ExportName>
            <OutputKey>Privsubnetid1</OutputKey>
            <OutputValue>subnet-071aaa7eed20638c7</OutputValue>
          </member>
          <member>
            <Description>Availability Zone AZ1</Description>
            <ExportName>demo-use2-vpc-1RGHN7QWOPHNB-awsaz1</ExportName>
            <OutputKey>awsaz1</OutputKey>
            <OutputValue>a</OutputValue>
          </member>
          <member>
            <Description>Default Corproate Security Group</Description>
            <ExportName>demo-use2-vpc-1RGHN7QWOPHNB-sgcorp</ExportName>
            <OutputKey>SGCorp</OutputKey>
            <OutputValue>sg-079a9a2545ec6b1be</OutputValue>
          </member>
          <member>
            <Description>Availability Zone AZ2</Description>
            <ExportName>demo-use2-vpc-1RGHN7QWOPHNB-awsaz2</ExportName>
            <OutputKey>awsaz2</OutputKey>
            <OutputValue>b</OutputValue>
          </member>
          <member>
            <Description>What theater is this part of?</Description>
            <ExportName>demo-use2-vpc-1RGHN7QWOPHNB-theatertagging</ExportName>
            <OutputKey>TheaterTagging</OutputKey>
            <OutputValue>demo-it01-usw2</OutputValue>
          </member>
          <member>
            <Description>RDS Subnet ID</Description>
            <ExportName>demo-use2-vpc-1RGHN7QWOPHNB-rdssubnet</ExportName>
            <OutputKey>RDSSubnet</OutputKey>
            <OutputValue>demo-use2-vpc-1rghn7qwophnb-dbsubnetgroup-1tmzfupj83mkx</OutputValue>
          </member>
        </Outputs>
        <Capabilities>
          <member>CAPABILITY_IAM</member>
        </Capabilities>
        <CreationTime>2019-01-24T20:18:10.968Z</CreationTime>
        <RootId>arn:aws:cloudformation:us-east-2:644414848598:stack/demo-use2/1aaf9f30-2015-11e9-ba81-0a71b7d84638</RootId>
        <NotificationARNs/>
        <StackId>arn:aws:cloudformation:us-east-2:644414848598:stack/demo-use2-vpc-1RGHN7QWOPHNB/2b972ac0-2015-11e9-9449-02a97d686044</StackId>
        <StackName>demo-use2-vpc-1RGHN7QWOPHNB</StackName>
        <Description>CJW AWS Demo Cloudformation Infrastructure. 1 NAT, 2 Public Subnets, 2 Private Subnets, RDS Subnet, Cache Subnet; VPC Cloudformation Version 0.10</Description>
        <StackStatus>CREATE_COMPLETE</StackStatus>
        <DisableRollback>true</DisableRollback>
        <ParentId>arn:aws:cloudformation:us-east-2:644414848598:stack/demo-use2/1aaf9f30-2015-11e9-ba81-0a71b7d84638</ParentId>
        <Tags/>
        <RollbackConfiguration/>
        <TimeoutInMinutes>30</TimeoutInMinutes>
        <DriftInformation>
          <StackDriftStatus>NOT_CHECKED</StackDriftStatus>
        </DriftInformation>
        <Parameters>
          <member>
            <ParameterKey>instancesize</ParameterKey>
            <ParameterValue>t2.small</ParameterValue>
          </member>
          <member>
            <ParameterKey>pubsubnetid2cidr</ParameterKey>
            <ParameterValue>10.20.0.128/25</ParameterValue>
          </member>
          <member>
            <ParameterKey>vpccidr</ParameterKey>
            <ParameterValue>10.20.0.0/23</ParameterValue>
          </member>
          <member>
            <ParameterKey>keypair</ParameterKey>
            <ParameterValue>ops-demo-xyz</ParameterValue>
          </member>
          <member>
            <ParameterKey>s3bucketname</ParameterKey>
            <ParameterValue>demo-use2</ParameterValue>
          </member>
          <member>
            <ParameterKey>corpip1</ParameterKey>
            <ParameterValue>108.217.235.114/29</ParameterValue>
          </member>
          <member>
            <ParameterKey>s3bucketarn</ParameterKey>
            <ParameterValue>arn:aws:s3:::demo-use2</ParameterValue>
          </member>
          <member>
            <ParameterKey>privsubnetid2cidr</ParameterKey>
            <ParameterValue>10.20.1.128/25</ParameterValue>
          </member>
          <member>
            <ParameterKey>awsaz1</ParameterKey>
            <ParameterValue>a</ParameterValue>
          </member>
          <member>
            <ParameterKey>pubsubnetid1cidr</ParameterKey>
            <ParameterValue>10.20.0.0/25</ParameterValue>
          </member>
          <member>
            <ParameterKey>awsaz2</ParameterKey>
            <ParameterValue>b</ParameterValue>
          </member>
          <member>
            <ParameterKey>DeployBastion</ParameterKey>
            <ParameterValue>No</ParameterValue>
          </member>
          <member>
            <ParameterKey>awsbaseami</ParameterKey>
            <ParameterValue>ami-38f5d15d</ParameterValue>
          </member>
          <member>
            <ParameterKey>costcentertagging</ParameterKey>
            <ParameterValue>demo-it01</ParameterValue>
          </member>
          <member>
            <ParameterKey>officenetwork1</ParameterKey>
            <ParameterValue>10.23.0.0/23</ParameterValue>
          </member>
          <member>
            <ParameterKey>s3bucketdomainname</ParameterKey>
            <ParameterValue>demo-use2.s3.amazonaws.com</ParameterValue>
          </member>
          <member>
            <ParameterKey>theatertagging</ParameterKey>
            <ParameterValue>demo-it01-usw2</ParameterValue>
          </member>
          <member>
            <ParameterKey>privsubnetid1cidr</ParameterKey>
            <ParameterValue>10.20.1.0/25</ParameterValue>
          </member>
          <member>
            <ParameterKey>vpcshortname</ParameterKey>
            <ParameterValue>demo-aws</ParameterValue>
          </member>
          <member>
            <ParameterKey>regionshortname</ParameterKey>
            <ParameterValue>use2</ParameterValue>
          </member>
        </Parameters>
      </member>
      <member>
        <Outputs>
          <member>
            <Description>VPC Cloudformation Stack Name</Description>
            <ExportName>demo-use2-vpcstackname</ExportName>
            <OutputKey>VPCStackName</OutputKey>
            <OutputValue>arn:aws:cloudformation:us-east-2:644414848598:stack/demo-use2-vpc-1RGHN7QWOPHNB/2b972ac0-2015-11e9-9449-02a97d686044</OutputValue>
          </member>
          <member>
            <Description>Base AMI for the current Region</Description>
            <ExportName>demo-use2-awsbaseami</ExportName>
            <OutputKey>AWSBaseAMI</OutputKey>
            <OutputValue>ami-38f5d15d</OutputValue>
          </member>
          <member>
            <Description>Instance Size for JumpHost</Description>
            <ExportName>demo-use2-instancesize</ExportName>
            <OutputKey>InstanceSize</OutputKey>
            <OutputValue>t2.small</OutputValue>
          </member>
          <member>
            <Description>Keypair Name</Description>
            <ExportName>demo-use2-keypair</ExportName>
            <OutputKey>keypair</OutputKey>
            <OutputValue>ops-demo-xyz</OutputValue>
          </member>
          <member>
            <Description>CIDR of the Private subnet1 az1</Description>
            <ExportName>demo-use2-privsubnetid1cidr</ExportName>
            <OutputKey>PrivSubnetid1CIDR</OutputKey>
            <OutputValue>10.20.1.0/25</OutputValue>
          </member>
          <member>
            <Description>S3 Bucket ARN</Description>
            <ExportName>demo-use2-s3bucketarn</ExportName>
            <OutputKey>S3BucketARN</OutputKey>
            <OutputValue>arn:aws:s3:::demo-use2</OutputValue>
          </member>
          <member>
            <Description>S3 Bucket Domain Name</Description>
            <ExportName>demo-use2-s3bucketdomainname</ExportName>
            <OutputKey>S3BucketDomainName</OutputKey>
            <OutputValue>demo-use2.s3.amazonaws.com</OutputValue>
          </member>
          <member>
            <Description>Shortname for the current Region</Description>
            <ExportName>demo-use2-regionshortname</ExportName>
            <OutputKey>RegionShortName</OutputKey>
            <OutputValue>use2</OutputValue>
          </member>
          <member>
            <Description>Availability Zone AZ1</Description>
            <ExportName>demo-use2-awsaz1</ExportName>
            <OutputKey>awsaz1</OutputKey>
            <OutputValue>a</OutputValue>
          </member>
          <member>
            <Description>Availability Zone AZ2</Description>
            <ExportName>demo-use2-awsaz2</ExportName>
            <OutputKey>awsaz2</OutputKey>
            <OutputValue>b</OutputValue>
          </member>
          <member>
            <Description>CIDR of the Public subnet1 az1</Description>
            <ExportName>demo-use2-vpccidr</ExportName>
            <OutputKey>VPCCIDR</OutputKey>
            <OutputValue>10.20.0.0/23</OutputValue>
          </member>
          <member>
            <Description>Cost Center</Description>
            <ExportName>demo-use2-costcentertagging</ExportName>
            <OutputKey>CostCenterTagging</OutputKey>
            <OutputValue>demo-it01</OutputValue>
          </member>
          <member>
            <Description>Office Network 1 for Security Group</Description>
            <ExportName>demo-use2-officenetwork1</ExportName>
            <OutputKey>OfficeNetwork1</OutputKey>
            <OutputValue>10.23.0.0/23</OutputValue>
          </member>
          <member>
            <Description>CIDR of the Private subnet2 az2</Description>
            <ExportName>demo-use2-privsubnetid2cidr</ExportName>
            <OutputKey>PrivSubnetid2CIDR</OutputKey>
            <OutputValue>10.20.1.128/25</OutputValue>
          </member>
          <member>
            <Description>S3 Bucket Name</Description>
            <ExportName>demo-use2-s3bucketname</ExportName>
            <OutputKey>S3BucketName</OutputKey>
            <OutputValue>demo-use2</OutputValue>
          </member>
          <member>
            <Description>What theater is this part of?</Description>
            <ExportName>demo-use2-theatertagging</ExportName>
            <OutputKey>TheaterTagging</OutputKey>
            <OutputValue>demo-it01-usw2</OutputValue>
          </member>
        </Outputs>
        <Capabilities>
          <member>CAPABILITY_IAM</member>
        </Capabilities>
        <CreationTime>2019-01-24T20:17:42.573Z</CreationTime>
        <NotificationARNs/>
        <StackId>arn:aws:cloudformation:us-east-2:644414848598:stack/demo-use2/1aaf9f30-2015-11e9-ba81-0a71b7d84638</StackId>
        <StackName>demo-use2</StackName>
        <Description>CJW AWS Demo Cloudformation Infrastructure. BastionHost &amp; Internal Route 53  Clouformation Template 0.4</Description>
        <StackStatus>CREATE_COMPLETE</StackStatus>
        <DisableRollback>true</DisableRollback>
        <Tags/>
        <RollbackConfiguration/>
        <DriftInformation>
          <StackDriftStatus>NOT_CHECKED</StackDriftStatus>
        </DriftInformation>
        <Parameters>
          <member>
            <ParameterKey>CFSS3Bucket</ParameterKey>
            <ParameterValue>http://s3-us-east-2.amazonaws.com/demoinfra/cf_templates/</ParameterValue>
          </member>
        </Parameters>
      </member>
    </Stacks>
  </DescribeStacksResult>
  <ResponseMetadata>
    <RequestId>ae124755-201b-11e9-9590-8587630ca78c</RequestId>
  </ResponseMetadata>
</DescribeStacksResponse>

2019-01-24 21:04:42,934 p=27486 u=vagrant |  fatal: [localhost]: FAILED! => {"msg": "An unhandled exception occurred while templating '{{ lookup('cf_output', region + '/' + infra_stack_name + '/output/' + 'Pubsubnetid1') }}'. Error was a <class 'ansible.errors.AnsibleError'>, original message: An unhandled exception occurred while running the lookup plugin 'cf_output'. Error was a <class 'ansible.errors.AnsibleError'>, original message: Nothing was retured by lookup"}
2019-01-24 21:04:42,937 p=27486 u=vagrant |  	to retry, use: --limit @/home/vagrant/workfolder/services/default_base/build_base_ami.retry

2019-01-24 21:04:42,938 p=27486 u=vagrant |  PLAY RECAP ***********************************************************************************************************************************
2019-01-24 21:04:42,939 p=27486 u=vagrant |  localhost                  : ok=1    changed=0    unreachable=0    failed=1   
2019-01-24 21:05:01,955 p=27499 u=vagrant |  [DEPRECATION WARNING]: DEFAULT_SUDO_FLAGS option, In favor of Ansible Become, which is a generic framework. See become_flags. , use become 
instead. This feature will be removed in version 2.8. Deprecation warnings can be disabled by setting deprecation_warnings=False in 
ansible.cfg.
2019-01-24 21:05:01,982 p=27499 u=vagrant |   [WARNING]: provided hosts list is empty, only localhost is available. Note that the implicit localhost does not match 'all'

2019-01-24 21:05:02,118 p=27499 u=vagrant |  [DEPRECATION WARNING]: profile_tasks callback, does not support setting 'options', it will work for now,  but this will be required in the 
future and should be updated,  see the 2.4 porting guide for details.. This feature will be removed in version 2.9. Deprecation warnings can 
be disabled by setting deprecation_warnings=False in ansible.cfg.
2019-01-24 21:05:02,154 p=27499 u=vagrant |  PLAY [localhost] *****************************************************************************************************************************
2019-01-24 21:05:02,166 p=27499 u=vagrant |  TASK [create-base-ami : Check for Source AMI] ************************************************************************************************
2019-01-24 21:05:02,191 p=27499 u=vagrant |  ok: [localhost]
2019-01-24 21:05:02,199 p=27499 u=vagrant |  TASK [create-base-ami : Create default_base AMI] *********************************************************************************************
2019-01-24 21:05:02,257 p=27499 u=vagrant |  fatal: [localhost]: FAILED! => {"msg": "An unhandled exception occurred while templating '{{ lookup('cf_output', region + '/' + infra_stack_name + '/output/' + 'pubsubnetid1') }}'. Error was a <class 'ansible.errors.AnsibleError'>, original message: An unhandled exception occurred while running the lookup plugin 'cf_output'. Error was a <class 'ansible.errors.AnsibleError'>, original message: Nothing was retured by lookup"}
2019-01-24 21:05:02,260 p=27499 u=vagrant |  	to retry, use: --limit @/home/vagrant/workfolder/services/default_base/build_base_ami.retry

2019-01-24 21:05:02,260 p=27499 u=vagrant |  PLAY RECAP ***********************************************************************************************************************************
2019-01-24 21:05:02,261 p=27499 u=vagrant |  localhost                  : ok=1    changed=0    unreachable=0    failed=1   
2019-01-24 21:05:33,890 p=27511 u=vagrant |  [DEPRECATION WARNING]: DEFAULT_SUDO_FLAGS option, In favor of Ansible Become, which is a generic framework. See become_flags. , use become 
instead. This feature will be removed in version 2.8. Deprecation warnings can be disabled by setting deprecation_warnings=False in 
ansible.cfg.
2019-01-24 21:05:33,916 p=27511 u=vagrant |   [WARNING]: provided hosts list is empty, only localhost is available. Note that the implicit localhost does not match 'all'

2019-01-24 21:05:34,053 p=27511 u=vagrant |  [DEPRECATION WARNING]: profile_tasks callback, does not support setting 'options', it will work for now,  but this will be required in the 
future and should be updated,  see the 2.4 porting guide for details.. This feature will be removed in version 2.9. Deprecation warnings can 
be disabled by setting deprecation_warnings=False in ansible.cfg.
2019-01-24 21:05:34,087 p=27511 u=vagrant |  PLAY [localhost] *****************************************************************************************************************************
2019-01-24 21:05:34,098 p=27511 u=vagrant |  TASK [create-base-ami : Check for Source AMI] ************************************************************************************************
2019-01-24 21:05:34,123 p=27511 u=vagrant |  ok: [localhost]
2019-01-24 21:05:34,130 p=27511 u=vagrant |  TASK [create-base-ami : Create default_base AMI] *********************************************************************************************
2019-01-24 21:05:34,182 boto Using access key found in shared credential file.
2019-01-24 21:05:34,182 boto Using secret key found in shared credential file.
2019-01-24 21:05:34,183 boto Method: GET
2019-01-24 21:05:34,183 boto Path: /
2019-01-24 21:05:34,183 boto Data: 
2019-01-24 21:05:34,183 boto Headers: {}
2019-01-24 21:05:34,183 boto Host: cloudformation.us-east-2.amazonaws.com
2019-01-24 21:05:34,183 boto Port: 443
2019-01-24 21:05:34,183 boto Params: {'StackName': u'demo-use2-vpc-1RGHN7QWOPHNB', 'Action': 'DescribeStacks', 'Version': '2010-05-15'}
2019-01-24 21:05:34,183 boto establishing HTTPS connection: host=cloudformation.us-east-2.amazonaws.com, kwargs={'port': 443, 'timeout': 70}
2019-01-24 21:05:34,183 boto Token: None
2019-01-24 21:05:34,184 boto CanonicalRequest:
GET
/
Action=DescribeStacks&StackName=demo-use2-vpc-1RGHN7QWOPHNB&Version=2010-05-15
host:cloudformation.us-east-2.amazonaws.com
x-amz-date:20190124T210534Z

host;x-amz-date
e3b0c44298fc1c149afbf4c8996fb92427ae41e4649b934ca495991b7852b855
2019-01-24 21:05:34,184 boto StringToSign:
AWS4-HMAC-SHA256
20190124T210534Z
20190124/us-east-2/cloudformation/aws4_request
5eb0559385d1762eb7bd8bc7dcd03ce3244fe9dbbe2ed267c66c82b3b854914b
2019-01-24 21:05:34,184 boto Signature:
811e43e01b7539b1aee0efda44e33fd1204bb72f6251934f8166c991c6f61cb5
2019-01-24 21:05:34,184 boto Final headers: {'Content-Length': '0', 'Host': u'cloudformation.us-east-2.amazonaws.com', 'Authorization': u'AWS4-HMAC-SHA256 Credential=AKIAINQ2HOOXC7QOZSEA/20190124/us-east-2/cloudformation/aws4_request,SignedHeaders=host;x-amz-date,Signature=811e43e01b7539b1aee0efda44e33fd1204bb72f6251934f8166c991c6f61cb5', 'X-Amz-Date': '20190124T210534Z', 'User-Agent': 'Boto/2.49.0 Python/2.7.15rc1 Linux/4.15.0-43-generic'}
2019-01-24 21:05:34,257 boto wrapping ssl socket; CA certificate file=/usr/local/lib/python2.7/dist-packages/boto/cacerts/cacerts.txt
2019-01-24 21:05:34,409 boto validating server certificate: hostname=cloudformation.us-east-2.amazonaws.com, certificate hosts=['cloudformation.us-east-2.amazonaws.com', '*.cloudformation.us-east-2.vpce.amazonaws.com']
2019-01-24 21:05:34,526 boto Response headers: [('x-amzn-requestid', 'ccdf41d7-201b-11e9-bc83-b30598bba4c0'), ('vary', 'Accept-Encoding'), ('content-length', '12200'), ('content-type', 'text/xml'), ('date', 'Thu, 24 Jan 2019 21:05:37 GMT')]
2019-01-24 21:05:34,527 boto <DescribeStacksResponse xmlns="http://cloudformation.amazonaws.com/doc/2010-05-15/">
  <DescribeStacksResult>
    <Stacks>
      <member>
        <Outputs>
          <member>
            <Description>VPCId of the Corp VPC</Description>
            <ExportName>demo-use2-vpc-1RGHN7QWOPHNB-vpcid</ExportName>
            <OutputKey>VPCid</OutputKey>
            <OutputValue>vpc-0f4f8d9fbe94fa2f9</OutputValue>
          </member>
          <member>
            <Description>ID of Endpoint used to access this regions S3 bucket.</Description>
            <ExportName>demo-use2-vpc-1RGHN7QWOPHNB-dynamodbendpoint</ExportName>
            <OutputKey>DynamoDBEndpoint</OutputKey>
            <OutputValue>vpce-03fd6fa4c9762a8b9</OutputValue>
          </member>
          <member>
            <Description>VPC Cloudformation Stack Name</Description>
            <ExportName>demo-use2-vpc-1RGHN7QWOPHNB-cfsstackname</ExportName>
            <OutputKey>CFSStackName</OutputKey>
            <OutputValue>demo-use2-vpc-1RGHN7QWOPHNB</OutputValue>
          </member>
          <member>
            <Description>Shortname for the current Region</Description>
            <ExportName>demo-use2-vpc-1RGHN7QWOPHNB-regionshortname</ExportName>
            <OutputKey>RegionShortName</OutputKey>
            <OutputValue>use2</OutputValue>
          </member>
          <member>
            <Description>SubnetId of the Public subnet2 az2</Description>
            <ExportName>demo-use2-vpc-1RGHN7QWOPHNB-pubsubnetid2</ExportName>
            <OutputKey>Pubsubnetid2</OutputKey>
            <OutputValue>subnet-09143c29c244126a7</OutputValue>
          </member>
          <member>
            <Description>SubnetId of the Public subnet1 az1</Description>
            <ExportName>demo-use2-vpc-1RGHN7QWOPHNB-pubsubnetid1</ExportName>
            <OutputKey>Pubsubnetid1</OutputKey>
            <OutputValue>subnet-07d5b778094245712</OutputValue>
          </member>
          <member>
            <Description>CIDR of the Public subnet2 az2</Description>
            <ExportName>demo-use2-vpc-1RGHN7QWOPHNB-pubsubnetid2cidr</ExportName>
            <OutputKey>Pubsubnetid2CIDR</OutputKey>
            <OutputValue>10.20.0.128/25</OutputValue>
          </member>
          <member>
            <Description>ID of Internet Gateway</Description>
            <ExportName>demo-use2-vpc-1RGHN7QWOPHNB-internetgateway</ExportName>
            <OutputKey>InternetGateway</OutputKey>
            <OutputValue>demo-Gatew-N2S28O45GE4I</OutputValue>
          </member>
          <member>
            <Description>Cost Center</Description>
            <ExportName>demo-use2-vpc-1RGHN7QWOPHNB-costcentertagging</ExportName>
            <OutputKey>CostCenterTagging</OutputKey>
            <OutputValue>demo-it01</OutputValue>
          </member>
          <member>
            <Description>CIDR of the Private subnet2 az2</Description>
            <ExportName>demo-use2-vpc-1RGHN7QWOPHNB-privsubnetid2cidr</ExportName>
            <OutputKey>Privsubnetid2CIDR</OutputKey>
            <OutputValue>10.20.1.128/25</OutputValue>
          </member>
          <member>
            <Description>NAT Service for az1</Description>
            <ExportName>demo-use2-vpc-1RGHN7QWOPHNB-nataz1</ExportName>
            <OutputKey>NATAZ1</OutputKey>
            <OutputValue>nat-04a78581c6882f37c</OutputValue>
          </member>
          <member>
            <Description>Default Security Group</Description>
            <ExportName>demo-use2-vpc-1RGHN7QWOPHNB-sgdefault</ExportName>
            <OutputKey>SGDefault</OutputKey>
            <OutputValue>sg-004027d92bc4f04a1</OutputValue>
          </member>
          <member>
            <Description>CIDR of the Private subnet1 az1</Description>
            <ExportName>demo-use2-vpc-1RGHN7QWOPHNB-privsubnetid1cidr</ExportName>
            <OutputKey>Privsubnetid1CIDR</OutputKey>
            <OutputValue>10.20.1.0/25</OutputValue>
          </member>
          <member>
            <Description>ID of Endpoint used to access this regions S3 bucket.</Description>
            <ExportName>demo-use2-vpc-1RGHN7QWOPHNB-s3endpoint</ExportName>
            <OutputKey>S3Endpoint</OutputKey>
            <OutputValue>vpce-03680169f80ec42cc</OutputValue>
          </member>
          <member>
            <Description>Private az2 Route Table</Description>
            <ExportName>demo-use2-vpc-1RGHN7QWOPHNB-privaterouteaz2</ExportName>
            <OutputKey>PrivaterouteAZ2</OutputKey>
            <OutputValue>rtb-097be8703bbda17a0</OutputValue>
          </member>
          <member>
            <Description>Private az1 Route Table</Description>
            <ExportName>demo-use2-vpc-1RGHN7QWOPHNB-privaterouteaz1</ExportName>
            <OutputKey>PrivaterouteAZ1</OutputKey>
            <OutputValue>rtb-00dbbc2320a0e99cb</OutputValue>
          </member>
          <member>
            <Description>CIDR of the Public subnet1 az1</Description>
            <ExportName>demo-use2-vpc-1RGHN7QWOPHNB-pubsubnetid1cidr</ExportName>
            <OutputKey>Pubsubnetid1CIDR</OutputKey>
            <OutputValue>10.20.0.0/25</OutputValue>
          </member>
          <member>
            <Description>Cache Subnet ID</Description>
            <ExportName>demo-use2-vpc-1RGHN7QWOPHNB-cachesubnet</ExportName>
            <OutputKey>CacheSubnet</OutputKey>
            <OutputValue>demo-cache-b5l8jo1p40ft</OutputValue>
          </member>
          <member>
            <Description>SubnetId of the Private subnet2 az2</Description>
            <ExportName>demo-use2-vpc-1RGHN7QWOPHNB-privsubnetid2</ExportName>
            <OutputKey>Privsubnetid2</OutputKey>
            <OutputValue>subnet-0bc04ca764824bcea</OutputValue>
          </member>
          <member>
            <Description>Default Route Table</Description>
            <ExportName>demo-use2-vpc-1RGHN7QWOPHNB-publicroute</ExportName>
            <OutputKey>Publicroute</OutputKey>
            <OutputValue>rtb-0d4c8dce4ed14d8fe</OutputValue>
          </member>
          <member>
            <Description>SubnetId of the Private subnet1 az1</Description>
            <ExportName>demo-use2-vpc-1RGHN7QWOPHNB-privsubnetid1</ExportName>
            <OutputKey>Privsubnetid1</OutputKey>
            <OutputValue>subnet-071aaa7eed20638c7</OutputValue>
          </member>
          <member>
            <Description>Availability Zone AZ1</Description>
            <ExportName>demo-use2-vpc-1RGHN7QWOPHNB-awsaz1</ExportName>
            <OutputKey>awsaz1</OutputKey>
            <OutputValue>a</OutputValue>
          </member>
          <member>
            <Description>Default Corproate Security Group</Description>
            <ExportName>demo-use2-vpc-1RGHN7QWOPHNB-sgcorp</ExportName>
            <OutputKey>SGCorp</OutputKey>
            <OutputValue>sg-079a9a2545ec6b1be</OutputValue>
          </member>
          <member>
            <Description>Availability Zone AZ2</Description>
            <ExportName>demo-use2-vpc-1RGHN7QWOPHNB-awsaz2</ExportName>
            <OutputKey>awsaz2</OutputKey>
            <OutputValue>b</OutputValue>
          </member>
          <member>
            <Description>What theater is this part of?</Description>
            <ExportName>demo-use2-vpc-1RGHN7QWOPHNB-theatertagging</ExportName>
            <OutputKey>TheaterTagging</OutputKey>
            <OutputValue>demo-it01-usw2</OutputValue>
          </member>
          <member>
            <Description>RDS Subnet ID</Description>
            <ExportName>demo-use2-vpc-1RGHN7QWOPHNB-rdssubnet</ExportName>
            <OutputKey>RDSSubnet</OutputKey>
            <OutputValue>demo-use2-vpc-1rghn7qwophnb-dbsubnetgroup-1tmzfupj83mkx</OutputValue>
          </member>
        </Outputs>
        <Capabilities>
          <member>CAPABILITY_IAM</member>
        </Capabilities>
        <CreationTime>2019-01-24T20:18:10.968Z</CreationTime>
        <RootId>arn:aws:cloudformation:us-east-2:644414848598:stack/demo-use2/1aaf9f30-2015-11e9-ba81-0a71b7d84638</RootId>
        <NotificationARNs/>
        <StackId>arn:aws:cloudformation:us-east-2:644414848598:stack/demo-use2-vpc-1RGHN7QWOPHNB/2b972ac0-2015-11e9-9449-02a97d686044</StackId>
        <StackName>demo-use2-vpc-1RGHN7QWOPHNB</StackName>
        <Description>CJW AWS Demo Cloudformation Infrastructure. 1 NAT, 2 Public Subnets, 2 Private Subnets, RDS Subnet, Cache Subnet; VPC Cloudformation Version 0.10</Description>
        <StackStatus>CREATE_COMPLETE</StackStatus>
        <DisableRollback>true</DisableRollback>
        <ParentId>arn:aws:cloudformation:us-east-2:644414848598:stack/demo-use2/1aaf9f30-2015-11e9-ba81-0a71b7d84638</ParentId>
        <Tags/>
        <RollbackConfiguration/>
        <DriftInformation>
          <StackDriftStatus>NOT_CHECKED</StackDriftStatus>
        </DriftInformation>
        <TimeoutInMinutes>30</TimeoutInMinutes>
        <EnableTerminationProtection>false</EnableTerminationProtection>
        <Parameters>
          <member>
            <ParameterKey>instancesize</ParameterKey>
            <ParameterValue>t2.small</ParameterValue>
          </member>
          <member>
            <ParameterKey>pubsubnetid2cidr</ParameterKey>
            <ParameterValue>10.20.0.128/25</ParameterValue>
          </member>
          <member>
            <ParameterKey>vpccidr</ParameterKey>
            <ParameterValue>10.20.0.0/23</ParameterValue>
          </member>
          <member>
            <ParameterKey>keypair</ParameterKey>
            <ParameterValue>ops-demo-xyz</ParameterValue>
          </member>
          <member>
            <ParameterKey>s3bucketname</ParameterKey>
            <ParameterValue>demo-use2</ParameterValue>
          </member>
          <member>
            <ParameterKey>corpip1</ParameterKey>
            <ParameterValue>108.217.235.114/29</ParameterValue>
          </member>
          <member>
            <ParameterKey>s3bucketarn</ParameterKey>
            <ParameterValue>arn:aws:s3:::demo-use2</ParameterValue>
          </member>
          <member>
            <ParameterKey>privsubnetid2cidr</ParameterKey>
            <ParameterValue>10.20.1.128/25</ParameterValue>
          </member>
          <member>
            <ParameterKey>awsaz1</ParameterKey>
            <ParameterValue>a</ParameterValue>
          </member>
          <member>
            <ParameterKey>pubsubnetid1cidr</ParameterKey>
            <ParameterValue>10.20.0.0/25</ParameterValue>
          </member>
          <member>
            <ParameterKey>awsaz2</ParameterKey>
            <ParameterValue>b</ParameterValue>
          </member>
          <member>
            <ParameterKey>DeployBastion</ParameterKey>
            <ParameterValue>No</ParameterValue>
          </member>
          <member>
            <ParameterKey>awsbaseami</ParameterKey>
            <ParameterValue>ami-38f5d15d</ParameterValue>
          </member>
          <member>
            <ParameterKey>costcentertagging</ParameterKey>
            <ParameterValue>demo-it01</ParameterValue>
          </member>
          <member>
            <ParameterKey>officenetwork1</ParameterKey>
            <ParameterValue>10.23.0.0/23</ParameterValue>
          </member>
          <member>
            <ParameterKey>s3bucketdomainname</ParameterKey>
            <ParameterValue>demo-use2.s3.amazonaws.com</ParameterValue>
          </member>
          <member>
            <ParameterKey>theatertagging</ParameterKey>
            <ParameterValue>demo-it01-usw2</ParameterValue>
          </member>
          <member>
            <ParameterKey>privsubnetid1cidr</ParameterKey>
            <ParameterValue>10.20.1.0/25</ParameterValue>
          </member>
          <member>
            <ParameterKey>vpcshortname</ParameterKey>
            <ParameterValue>demo-aws</ParameterValue>
          </member>
          <member>
            <ParameterKey>regionshortname</ParameterKey>
            <ParameterValue>use2</ParameterValue>
          </member>
        </Parameters>
      </member>
    </Stacks>
  </DescribeStacksResult>
  <ResponseMetadata>
    <RequestId>ccdf41d7-201b-11e9-bc83-b30598bba4c0</RequestId>
  </ResponseMetadata>
</DescribeStacksResponse>

2019-01-24 21:05:34,538 p=27511 u=vagrant |  fatal: [localhost]: FAILED! => {"msg": "An unhandled exception occurred while templating '{{ lookup('cf_output', region + '/' + infra_stack_name + '/output/' + 'pubsubnetid1') }}'. Error was a <class 'ansible.errors.AnsibleError'>, original message: An unhandled exception occurred while running the lookup plugin 'cf_output'. Error was a <class 'ansible.errors.AnsibleError'>, original message: Nothing was retured by lookup"}
2019-01-24 21:05:34,541 p=27511 u=vagrant |  	to retry, use: --limit @/home/vagrant/workfolder/services/default_base/build_base_ami.retry

2019-01-24 21:05:34,541 p=27511 u=vagrant |  PLAY RECAP ***********************************************************************************************************************************
2019-01-24 21:05:34,542 p=27511 u=vagrant |  localhost                  : ok=1    changed=0    unreachable=0    failed=1   
2019-01-24 21:05:43,785 p=27523 u=vagrant |  [DEPRECATION WARNING]: DEFAULT_SUDO_FLAGS option, In favor of Ansible Become, which is a generic framework. See become_flags. , use become 
instead. This feature will be removed in version 2.8. Deprecation warnings can be disabled by setting deprecation_warnings=False in 
ansible.cfg.
2019-01-24 21:05:43,814 p=27523 u=vagrant |   [WARNING]: provided hosts list is empty, only localhost is available. Note that the implicit localhost does not match 'all'

2019-01-24 21:05:43,963 p=27523 u=vagrant |  [DEPRECATION WARNING]: profile_tasks callback, does not support setting 'options', it will work for now,  but this will be required in the 
future and should be updated,  see the 2.4 porting guide for details.. This feature will be removed in version 2.9. Deprecation warnings can 
be disabled by setting deprecation_warnings=False in ansible.cfg.
2019-01-24 21:05:43,999 p=27523 u=vagrant |  PLAY [localhost] *****************************************************************************************************************************
2019-01-24 21:05:44,009 p=27523 u=vagrant |  TASK [create-base-ami : Check for Source AMI] ************************************************************************************************
2019-01-24 21:05:44,032 p=27523 u=vagrant |  ok: [localhost]
2019-01-24 21:05:44,039 p=27523 u=vagrant |  TASK [create-base-ami : Create default_base AMI] *********************************************************************************************
2019-01-24 21:05:44,101 p=27523 u=vagrant |  fatal: [localhost]: FAILED! => {"msg": "An unhandled exception occurred while templating '{{ lookup('cf_output', region + '/' + infra_stack_name + '/output/' + 'vpcid') }}'. Error was a <class 'ansible.errors.AnsibleError'>, original message: An unhandled exception occurred while running the lookup plugin 'cf_output'. Error was a <class 'ansible.errors.AnsibleError'>, original message: Nothing was retured by lookup"}
2019-01-24 21:05:44,106 p=27523 u=vagrant |  	to retry, use: --limit @/home/vagrant/workfolder/services/default_base/build_base_ami.retry

2019-01-24 21:05:44,106 p=27523 u=vagrant |  PLAY RECAP ***********************************************************************************************************************************
2019-01-24 21:05:44,107 p=27523 u=vagrant |  localhost                  : ok=1    changed=0    unreachable=0    failed=1   
2019-01-24 21:06:14,178 p=27535 u=vagrant |  [DEPRECATION WARNING]: DEFAULT_SUDO_FLAGS option, In favor of Ansible Become, which is a generic framework. See become_flags. , use become 
instead. This feature will be removed in version 2.8. Deprecation warnings can be disabled by setting deprecation_warnings=False in 
ansible.cfg.
2019-01-24 21:06:14,213 p=27535 u=vagrant |   [WARNING]: provided hosts list is empty, only localhost is available. Note that the implicit localhost does not match 'all'

2019-01-24 21:06:14,367 p=27535 u=vagrant |  [DEPRECATION WARNING]: profile_tasks callback, does not support setting 'options', it will work for now,  but this will be required in the 
future and should be updated,  see the 2.4 porting guide for details.. This feature will be removed in version 2.9. Deprecation warnings can 
be disabled by setting deprecation_warnings=False in ansible.cfg.
2019-01-24 21:06:14,406 p=27535 u=vagrant |  PLAY [localhost] *****************************************************************************************************************************
2019-01-24 21:06:14,419 p=27535 u=vagrant |  TASK [create-base-ami : Check for Source AMI] ************************************************************************************************
2019-01-24 21:06:14,445 p=27535 u=vagrant |  ok: [localhost]
2019-01-24 21:06:14,455 p=27535 u=vagrant |  TASK [create-base-ami : Create default_base AMI] *********************************************************************************************
2019-01-24 21:06:15,096 p=27535 u=vagrant |  fatal: [localhost]: FAILED! => {"changed": true, "cmd": "packer build -var \"source_ami=ami-06e2e609dbf389341\" -var \"region=us-east-2\" -var \"vpc_id=vpc-0f4f8d9fbe94fa2f9\" -var \"subnet_id=subnet-07d5b778094245712\" -var \"service_name=ops\" /home/vagrant/workfolder/services/default_base/default_base_ami.json", "delta": "0:00:00.407964", "end": "2019-01-24 21:06:15.082267", "msg": "non-zero return code", "rc": 1, "start": "2019-01-24 21:06:14.674303", "stderr": "", "stderr_lines": [], "stdout": "Error initializing core: error interpolating default value for 'service': template: root:1:2: executing \"root\" at <user `service`>: error calling user: test", "stdout_lines": ["Error initializing core: error interpolating default value for 'service': template: root:1:2: executing \"root\" at <user `service`>: error calling user: test"]}
2019-01-24 21:06:15,099 p=27535 u=vagrant |  	to retry, use: --limit @/home/vagrant/workfolder/services/default_base/build_base_ami.retry

2019-01-24 21:06:15,100 p=27535 u=vagrant |  PLAY RECAP ***********************************************************************************************************************************
2019-01-24 21:06:15,101 p=27535 u=vagrant |  localhost                  : ok=1    changed=0    unreachable=0    failed=1   
2019-01-24 21:11:16,437 p=27594 u=vagrant |  [DEPRECATION WARNING]: DEFAULT_SUDO_FLAGS option, In favor of Ansible Become, which is a generic framework. See become_flags. , use become 
instead. This feature will be removed in version 2.8. Deprecation warnings can be disabled by setting deprecation_warnings=False in 
ansible.cfg.
2019-01-24 21:11:16,467 p=27594 u=vagrant |   [WARNING]: provided hosts list is empty, only localhost is available. Note that the implicit localhost does not match 'all'

2019-01-24 21:11:16,610 p=27594 u=vagrant |  [DEPRECATION WARNING]: profile_tasks callback, does not support setting 'options', it will work for now,  but this will be required in the 
future and should be updated,  see the 2.4 porting guide for details.. This feature will be removed in version 2.9. Deprecation warnings can 
be disabled by setting deprecation_warnings=False in ansible.cfg.
2019-01-24 21:11:16,650 p=27594 u=vagrant |  PLAY [localhost] *****************************************************************************************************************************
2019-01-24 21:11:16,665 p=27594 u=vagrant |  TASK [create-base-ami : Get Infra Stack facts] ***********************************************************************************************
2019-01-24 21:11:17,491 p=27594 u=vagrant |  ok: [localhost]
2019-01-24 21:11:17,503 p=27594 u=vagrant |  TASK [create-base-ami : Check for Source AMI] ************************************************************************************************
2019-01-24 21:11:17,527 p=27594 u=vagrant |  ok: [localhost]
2019-01-24 21:11:17,540 p=27594 u=vagrant |  TASK [create-base-ami : Create default_base AMI] *********************************************************************************************
2019-01-24 21:17:53,181 p=27594 u=vagrant |  fatal: [localhost]: FAILED! => {"changed": true, "cmd": "packer build -var \"source_ami=ami-06e2e609dbf389341\" -var \"region=us-east-2\" -var \"vpc_id=vpc-0f4f8d9fbe94fa2f9\" -var \"subnet_id=subnet-071aaa7eed20638c7\" -var \"service_name=ops\" -var \"service=default_base\" /home/vagrant/workfolder/services/default_base/default_base_ami.json", "delta": "0:06:35.463714", "end": "2019-01-24 21:17:53.166421", "msg": "non-zero return code", "rc": 1, "start": "2019-01-24 21:11:17.702707", "stderr": "", "stderr_lines": [], "stdout": "\u001b[1;32mamazon-ebs output will be in this color.\u001b[0m\n\n\u001b[1;32m==> amazon-ebs: Prevalidating AMI Name: default_base-ops-1548364277\u001b[0m\n\u001b[0;32m    amazon-ebs: Found Image ID: ami-06e2e609dbf389341\u001b[0m\n\u001b[1;32m==> amazon-ebs: Creating temporary keypair: packer_5c4a29f5-8822-a496-a175-afe1509a79f8\u001b[0m\n\u001b[1;32m==> amazon-ebs: Creating temporary security group for this instance: packer_5c4a29f7-34e4-6899-562a-d790c7606e44\u001b[0m\n\u001b[1;32m==> amazon-ebs: Authorizing access to port 22 from 0.0.0.0/0 in the temporary security group...\u001b[0m\n\u001b[1;32m==> amazon-ebs: Launching a source AWS instance...\u001b[0m\n\u001b[1;32m==> amazon-ebs: Adding tags to source instance\u001b[0m\n\u001b[0;32m    amazon-ebs: Adding tag: \"Name\": \"Packer Builder\"\u001b[0m\n\u001b[0;32m    amazon-ebs: Instance ID: i-0952bf3765109d78c\u001b[0m\n\u001b[1;32m==> amazon-ebs: Waiting for instance (i-0952bf3765109d78c) to become ready...\u001b[0m\n\u001b[1;32m==> amazon-ebs: Using ssh communicator to connect: 10.20.1.125\u001b[0m\n\u001b[1;32m==> amazon-ebs: Waiting for SSH to become available...\u001b[0m\n\u001b[1;31m==> amazon-ebs: Timeout waiting for SSH.\u001b[0m\n\u001b[1;32m==> amazon-ebs: Terminating the source AWS instance...\u001b[0m\n\u001b[1;32m==> amazon-ebs: Cleaning up any extra volumes...\u001b[0m\n\u001b[1;32m==> amazon-ebs: No volumes to clean up, skipping\u001b[0m\n\u001b[1;32m==> amazon-ebs: Deleting temporary security group...\u001b[0m\n\u001b[1;32m==> amazon-ebs: Deleting temporary keypair...\u001b[0m\n\u001b[1;31mBuild 'amazon-ebs' errored: Timeout waiting for SSH.\u001b[0m\n\n==> Some builds didn't complete successfully and had errors:\n--> amazon-ebs: Timeout waiting for SSH.\n\n==> Builds finished but no artifacts were created.", "stdout_lines": ["\u001b[1;32mamazon-ebs output will be in this color.\u001b[0m", "", "\u001b[1;32m==> amazon-ebs: Prevalidating AMI Name: default_base-ops-1548364277\u001b[0m", "\u001b[0;32m    amazon-ebs: Found Image ID: ami-06e2e609dbf389341\u001b[0m", "\u001b[1;32m==> amazon-ebs: Creating temporary keypair: packer_5c4a29f5-8822-a496-a175-afe1509a79f8\u001b[0m", "\u001b[1;32m==> amazon-ebs: Creating temporary security group for this instance: packer_5c4a29f7-34e4-6899-562a-d790c7606e44\u001b[0m", "\u001b[1;32m==> amazon-ebs: Authorizing access to port 22 from 0.0.0.0/0 in the temporary security group...\u001b[0m", "\u001b[1;32m==> amazon-ebs: Launching a source AWS instance...\u001b[0m", "\u001b[1;32m==> amazon-ebs: Adding tags to source instance\u001b[0m", "\u001b[0;32m    amazon-ebs: Adding tag: \"Name\": \"Packer Builder\"\u001b[0m", "\u001b[0;32m    amazon-ebs: Instance ID: i-0952bf3765109d78c\u001b[0m", "\u001b[1;32m==> amazon-ebs: Waiting for instance (i-0952bf3765109d78c) to become ready...\u001b[0m", "\u001b[1;32m==> amazon-ebs: Using ssh communicator to connect: 10.20.1.125\u001b[0m", "\u001b[1;32m==> amazon-ebs: Waiting for SSH to become available...\u001b[0m", "\u001b[1;31m==> amazon-ebs: Timeout waiting for SSH.\u001b[0m", "\u001b[1;32m==> amazon-ebs: Terminating the source AWS instance...\u001b[0m", "\u001b[1;32m==> amazon-ebs: Cleaning up any extra volumes...\u001b[0m", "\u001b[1;32m==> amazon-ebs: No volumes to clean up, skipping\u001b[0m", "\u001b[1;32m==> amazon-ebs: Deleting temporary security group...\u001b[0m", "\u001b[1;32m==> amazon-ebs: Deleting temporary keypair...\u001b[0m", "\u001b[1;31mBuild 'amazon-ebs' errored: Timeout waiting for SSH.\u001b[0m", "", "==> Some builds didn't complete successfully and had errors:", "--> amazon-ebs: Timeout waiting for SSH.", "", "==> Builds finished but no artifacts were created."]}
2019-01-24 21:17:53,184 p=27594 u=vagrant |  	to retry, use: --limit @/home/vagrant/workfolder/services/default_base/build_base_ami.retry

2019-01-24 21:17:53,184 p=27594 u=vagrant |  PLAY RECAP ***********************************************************************************************************************************
2019-01-24 21:17:53,184 p=27594 u=vagrant |  localhost                  : ok=2    changed=0    unreachable=0    failed=1   
2019-01-24 21:19:43,892 p=27716 u=vagrant |  [DEPRECATION WARNING]: DEFAULT_SUDO_FLAGS option, In favor of Ansible Become, which is a generic framework. See become_flags. , use become 
instead. This feature will be removed in version 2.8. Deprecation warnings can be disabled by setting deprecation_warnings=False in 
ansible.cfg.
2019-01-24 21:19:43,924 p=27716 u=vagrant |   [WARNING]: provided hosts list is empty, only localhost is available. Note that the implicit localhost does not match 'all'

2019-01-24 21:19:44,074 p=27716 u=vagrant |  [DEPRECATION WARNING]: profile_tasks callback, does not support setting 'options', it will work for now,  but this will be required in the 
future and should be updated,  see the 2.4 porting guide for details.. This feature will be removed in version 2.9. Deprecation warnings can 
be disabled by setting deprecation_warnings=False in ansible.cfg.
2019-01-24 21:19:44,111 p=27716 u=vagrant |  PLAY [localhost] *****************************************************************************************************************************
2019-01-24 21:19:44,120 p=27716 u=vagrant |  TASK [create-base-ami : Get Infra Stack facts] ***********************************************************************************************
2019-01-24 21:19:45,039 p=27716 u=vagrant |  ok: [localhost]
2019-01-24 21:19:45,056 p=27716 u=vagrant |  TASK [create-base-ami : Check for Source AMI] ************************************************************************************************
2019-01-24 21:19:45,084 p=27716 u=vagrant |  ok: [localhost]
2019-01-24 21:19:45,102 p=27716 u=vagrant |  TASK [create-base-ami : Create default_base AMI] *********************************************************************************************
